2025-07-09 17:32:33 [INFO] [task_scheduler.cc:160] Initializing Task #0: "main"
2025-07-09 17:32:33 [INFO] [task_scheduler.cc:35] 
# from tvm.script import ir as I
# from tvm.script import tir as T

@I.ir_module
class Module:
    @T.prim_func
    def main(A: T.Buffer((128, 128), "float32"), B: T.Buffer((128, 128), "float32"), C: T.Buffer((128, 128), "float32")):
        T.func_attr({"tir.noalias": T.bool(True)})
        # with T.block("root"):
        for i, j, k in T.grid(128, 128, 128):
            with T.block("C"):
                vi, vj, vk = T.axis.remap("SSR", [i, j, k])
                T.reads(A[vi, vk], B[vk, vj])
                T.writes(C[vi, vj])
                with T.init():
                    C[vi, vj] = T.float32(0.0)
                C[vi, vj] = C[vi, vj] + A[vi, vk] * B[vk, vj]
2025-07-09 17:32:33 [INFO] [task_scheduler.cc:164] Total 1 design space(s) generated
2025-07-09 17:32:33 [INFO] [task_scheduler.cc:170] Design space #0:
# from tvm.script import ir as I
# from tvm.script import tir as T

@I.ir_module
class Module:
    @T.prim_func
    def main(A: T.Buffer((128, 128), "float32"), B: T.Buffer((128, 128), "float32"), C: T.Buffer((128, 128), "float32")):
        T.func_attr({"tir.noalias": T.bool(True)})
        # with T.block("root"):
        for i, j_0 in T.grid(128, 32):
            for j_1_init in range(4):
                with T.block("C_init"):
                    vi = T.axis.spatial(128, i)
                    vj = T.axis.spatial(128, j_0 * 4 + j_1_init)
                    T.reads()
                    T.writes(C[vi, vj])
                    C[vi, vj] = T.float32(0.0)
            for k, j_1 in T.grid(128, 4):
                with T.block("C_update"):
                    vi = T.axis.spatial(128, i)
                    vj = T.axis.spatial(128, j_0 * 4 + j_1)
                    vk = T.axis.reduce(128, k)
                    T.reads(C[vi, vj], A[vi, vk], B[vk, vj])
                    T.writes(C[vi, vj])
                    C[vi, vj] = C[vi, vj] + A[vi, vk] * B[vk, vj]
b0 = sch.get_block(name="C", func_name="main")
l1, l2, l3 = sch.get_loops(block=b0)
v4, v5 = sch.sample_perfect_tile(loop=l2, n=2, max_innermost_factor=16, decision=[32, 4])
l6, l7 = sch.split(loop=l2, factors=[v4, v5], preserve_unit_iters=True, disable_predication=False)
sch.reorder(l1, l6, l3, l7)
b8 = sch.decompose_reduction(block=b0, loop=l3)
2025-07-09 17:32:35 [INFO] [evolutionary_search.cc:713] Generating candidates......
2025-07-09 17:32:35 [INFO] [evolutionary_search.cc:715] Picked top 0 candidate(s) from database
2025-07-09 17:32:35 [INFO] [evolutionary_search.cc:533] Sample-Init-Population summary:
Postproc #0 [meta_schedule.DisallowDynamicLoop(0x3a996238)]: 0 failure(s)
Postproc #1 [meta_schedule.RewriteParallelVectorizeUnroll(0x3a7ca3b8)]: 0 failure(s)
Postproc #2 [meta_schedule.RewriteReductionBlock(0x3aa7bdf8)]: 0 failure(s)
Postproc #3 [meta_schedule.RewriteLayout(0x3a8602a8)]: 0 failure(s)
2025-07-09 17:32:35 [INFO] [evolutionary_search.cc:723] Sampled 512 candidate(s)
2025-07-09 17:32:35 [INFO] [evolutionary_search.cc:621] Evolve iter #0 done. Summary:
Postproc #0 [meta_schedule.DisallowDynamicLoop(0x3a996238)]: 0 failure(s)
Postproc #1 [meta_schedule.RewriteParallelVectorizeUnroll(0x3a7ca3b8)]: 0 failure(s)
Postproc #2 [meta_schedule.RewriteReductionBlock(0x3aa7bdf8)]: 0 failure(s)
Postproc #3 [meta_schedule.RewriteLayout(0x3a8602a8)]: 0 failure(s)
2025-07-09 17:32:35 [INFO] [evolutionary_search.cc:621] Evolve iter #1 done. Summary:
Postproc #0 [meta_schedule.DisallowDynamicLoop(0x3a996238)]: 0 failure(s)
Postproc #1 [meta_schedule.RewriteParallelVectorizeUnroll(0x3a7ca3b8)]: 0 failure(s)
Postproc #2 [meta_schedule.RewriteReductionBlock(0x3aa7bdf8)]: 0 failure(s)
Postproc #3 [meta_schedule.RewriteLayout(0x3a8602a8)]: 0 failure(s)
2025-07-09 17:32:35 [INFO] [evolutionary_search.cc:621] Evolve iter #2 done. Summary:
Postproc #0 [meta_schedule.DisallowDynamicLoop(0x3a996238)]: 0 failure(s)
Postproc #1 [meta_schedule.RewriteParallelVectorizeUnroll(0x3a7ca3b8)]: 0 failure(s)
Postproc #2 [meta_schedule.RewriteReductionBlock(0x3aa7bdf8)]: 0 failure(s)
Postproc #3 [meta_schedule.RewriteLayout(0x3a8602a8)]: 0 failure(s)
2025-07-09 17:32:35 [INFO] [evolutionary_search.cc:621] Evolve iter #3 done. Summary:
Postproc #0 [meta_schedule.DisallowDynamicLoop(0x3a996238)]: 0 failure(s)
Postproc #1 [meta_schedule.RewriteParallelVectorizeUnroll(0x3a7ca3b8)]: 0 failure(s)
Postproc #2 [meta_schedule.RewriteReductionBlock(0x3aa7bdf8)]: 0 failure(s)
Postproc #3 [meta_schedule.RewriteLayout(0x3a8602a8)]: 0 failure(s)
2025-07-09 17:32:35 [INFO] [evolutionary_search.cc:649] Scores of the best 5 candidates:
[1 : 5]:	0.7434  0.7304  0.5480  0.3726  0.1351
2025-07-09 17:32:35 [INFO] [evolutionary_search.cc:727] Got 5 candidate(s) with evolutionary search
2025-07-09 17:32:35 [INFO] [evolutionary_search.cc:730] Sending 5 candidates(s) for measurement
2025-07-09 17:34:06 [INFO] [task_scheduler.cc:160] Initializing Task #0: "main"
2025-07-09 17:34:06 [INFO] [task_scheduler.cc:35] 
# from tvm.script import ir as I
# from tvm.script import tir as T

@I.ir_module
class Module:
    @T.prim_func
    def main(A: T.Buffer((128, 128), "float32"), B: T.Buffer((128, 128), "float32"), C: T.Buffer((128, 128), "float32")):
        T.func_attr({"tir.noalias": T.bool(True)})
        # with T.block("root"):
        for i, j, k in T.grid(128, 128, 128):
            with T.block("C"):
                vi, vj, vk = T.axis.remap("SSR", [i, j, k])
                T.reads(A[vi, vk], B[vk, vj])
                T.writes(C[vi, vj])
                with T.init():
                    C[vi, vj] = T.float32(0.0)
                C[vi, vj] = C[vi, vj] + A[vi, vk] * B[vk, vj]
2025-07-09 17:34:07 [INFO] [task_scheduler.cc:164] Total 1 design space(s) generated
2025-07-09 17:34:07 [INFO] [task_scheduler.cc:170] Design space #0:
# from tvm.script import ir as I
# from tvm.script import tir as T

@I.ir_module
class Module:
    @T.prim_func
    def main(A: T.Buffer((128, 128), "float32"), B: T.Buffer((128, 128), "float32"), C: T.Buffer((128, 128), "float32")):
        T.func_attr({"tir.noalias": T.bool(True)})
        # with T.block("root"):
        for i, j_0 in T.grid(128, 128):
            for j_1_init in range(1):
                with T.block("C_init"):
                    vi = T.axis.spatial(128, i)
                    vj = T.axis.spatial(128, j_0 + j_1_init)
                    T.reads()
                    T.writes(C[vi, vj])
                    C[vi, vj] = T.float32(0.0)
            for k, j_1 in T.grid(128, 1):
                with T.block("C_update"):
                    vi = T.axis.spatial(128, i)
                    vj = T.axis.spatial(128, j_0 + j_1)
                    vk = T.axis.reduce(128, k)
                    T.reads(C[vi, vj], A[vi, vk], B[vk, vj])
                    T.writes(C[vi, vj])
                    C[vi, vj] = C[vi, vj] + A[vi, vk] * B[vk, vj]
b0 = sch.get_block(name="C", func_name="main")
l1, l2, l3 = sch.get_loops(block=b0)
v4, v5 = sch.sample_perfect_tile(loop=l2, n=2, max_innermost_factor=16, decision=[128, 1])
l6, l7 = sch.split(loop=l2, factors=[v4, v5], preserve_unit_iters=True, disable_predication=False)
sch.reorder(l1, l6, l3, l7)
b8 = sch.decompose_reduction(block=b0, loop=l3)
2025-07-09 17:34:07 [INFO] [evolutionary_search.cc:713] Generating candidates......
2025-07-09 17:34:07 [INFO] [evolutionary_search.cc:715] Picked top 5 candidate(s) from database
2025-07-09 17:34:07 [INFO] [evolutionary_search.cc:533] Sample-Init-Population summary:
Postproc #0 [meta_schedule.DisallowDynamicLoop(0x19f11008)]: 0 failure(s)
Postproc #1 [meta_schedule.RewriteParallelVectorizeUnroll(0x1a00c768)]: 0 failure(s)
Postproc #2 [meta_schedule.RewriteReductionBlock(0x19df15c8)]: 0 failure(s)
Postproc #3 [meta_schedule.RewriteLayout(0x1a03f7c8)]: 0 failure(s)
2025-07-09 17:34:07 [INFO] [evolutionary_search.cc:723] Sampled 507 candidate(s)
2025-07-09 17:34:07 [INFO] [evolutionary_search.cc:621] Evolve iter #0 done. Summary:
Postproc #0 [meta_schedule.DisallowDynamicLoop(0x19f11008)]: 0 failure(s)
Postproc #1 [meta_schedule.RewriteParallelVectorizeUnroll(0x1a00c768)]: 0 failure(s)
Postproc #2 [meta_schedule.RewriteReductionBlock(0x19df15c8)]: 0 failure(s)
Postproc #3 [meta_schedule.RewriteLayout(0x1a03f7c8)]: 0 failure(s)
2025-07-09 17:34:07 [INFO] [evolutionary_search.cc:621] Evolve iter #1 done. Summary:
Postproc #0 [meta_schedule.DisallowDynamicLoop(0x19f11008)]: 0 failure(s)
Postproc #1 [meta_schedule.RewriteParallelVectorizeUnroll(0x1a00c768)]: 0 failure(s)
Postproc #2 [meta_schedule.RewriteReductionBlock(0x19df15c8)]: 0 failure(s)
Postproc #3 [meta_schedule.RewriteLayout(0x1a03f7c8)]: 0 failure(s)
2025-07-09 17:34:07 [INFO] [evolutionary_search.cc:621] Evolve iter #2 done. Summary:
Postproc #0 [meta_schedule.DisallowDynamicLoop(0x19f11008)]: 0 failure(s)
Postproc #1 [meta_schedule.RewriteParallelVectorizeUnroll(0x1a00c768)]: 0 failure(s)
Postproc #2 [meta_schedule.RewriteReductionBlock(0x19df15c8)]: 0 failure(s)
Postproc #3 [meta_schedule.RewriteLayout(0x1a03f7c8)]: 0 failure(s)
2025-07-09 17:34:07 [INFO] [evolutionary_search.cc:621] Evolve iter #3 done. Summary:
Postproc #0 [meta_schedule.DisallowDynamicLoop(0x19f11008)]: 0 failure(s)
Postproc #1 [meta_schedule.RewriteParallelVectorizeUnroll(0x1a00c768)]: 0 failure(s)
Postproc #2 [meta_schedule.RewriteReductionBlock(0x19df15c8)]: 0 failure(s)
Postproc #3 [meta_schedule.RewriteLayout(0x1a03f7c8)]: 0 failure(s)
2025-07-09 17:34:07 [INFO] [evolutionary_search.cc:649] Scores of the best 5 candidates:
[1 : 5]:	0.4665  0.2712  0.2217  0.1239  0.0759
2025-07-09 17:34:07 [INFO] [evolutionary_search.cc:727] Got 5 candidate(s) with evolutionary search
2025-07-09 17:34:07 [INFO] [evolutionary_search.cc:730] Sending 5 candidates(s) for measurement
2025-07-09 17:34:10 [INFO] [task_scheduler.cc:131] [Task #0: main] Trial #1: GFLOPs: 6.7899. Time: 617.7279 us. Best GFLOPs: 6.7899
2025-07-09 17:34:10 [INFO] [task_scheduler.cc:131] [Task #0: main] Trial #2: GFLOPs: 11.5128. Time: 364.3154 us. Best GFLOPs: 11.5128
2025-07-09 17:34:10 [INFO] [task_scheduler.cc:131] [Task #0: main] Trial #3: GFLOPs: 9.5336. Time: 439.9492 us. Best GFLOPs: 11.5128
2025-07-09 17:34:10 [INFO] [task_scheduler.cc:131] [Task #0: main] Trial #4: GFLOPs: 3.0980. Time: 1353.8854 us. Best GFLOPs: 11.5128
2025-07-09 17:34:10 [INFO] [task_scheduler.cc:131] [Task #0: main] Trial #5: GFLOPs: 2.3146. Time: 1812.1341 us. Best GFLOPs: 11.5128
2025-07-09 17:34:10 [INFO] [evolutionary_search.cc:713] Generating candidates......
2025-07-09 17:34:10 [INFO] [evolutionary_search.cc:715] Picked top 10 candidate(s) from database
2025-07-09 17:34:11 [INFO] [evolutionary_search.cc:533] Sample-Init-Population summary:
Postproc #0 [meta_schedule.DisallowDynamicLoop(0x19f11008)]: 0 failure(s)
Postproc #1 [meta_schedule.RewriteParallelVectorizeUnroll(0x1a00c768)]: 0 failure(s)
Postproc #2 [meta_schedule.RewriteReductionBlock(0x19df15c8)]: 0 failure(s)
Postproc #3 [meta_schedule.RewriteLayout(0x1a03f7c8)]: 0 failure(s)
2025-07-09 17:34:11 [INFO] [evolutionary_search.cc:723] Sampled 502 candidate(s)
2025-07-09 17:34:11 [INFO] [evolutionary_search.cc:621] Evolve iter #0 done. Summary:
Postproc #0 [meta_schedule.DisallowDynamicLoop(0x19f11008)]: 0 failure(s)
Postproc #1 [meta_schedule.RewriteParallelVectorizeUnroll(0x1a00c768)]: 0 failure(s)
Postproc #2 [meta_schedule.RewriteReductionBlock(0x19df15c8)]: 0 failure(s)
Postproc #3 [meta_schedule.RewriteLayout(0x1a03f7c8)]: 0 failure(s)
2025-07-09 17:34:11 [INFO] [evolutionary_search.cc:621] Evolve iter #1 done. Summary:
Postproc #0 [meta_schedule.DisallowDynamicLoop(0x19f11008)]: 0 failure(s)
Postproc #1 [meta_schedule.RewriteParallelVectorizeUnroll(0x1a00c768)]: 0 failure(s)
Postproc #2 [meta_schedule.RewriteReductionBlock(0x19df15c8)]: 0 failure(s)
Postproc #3 [meta_schedule.RewriteLayout(0x1a03f7c8)]: 0 failure(s)
2025-07-09 17:34:11 [INFO] [evolutionary_search.cc:621] Evolve iter #2 done. Summary:
Postproc #0 [meta_schedule.DisallowDynamicLoop(0x19f11008)]: 0 failure(s)
Postproc #1 [meta_schedule.RewriteParallelVectorizeUnroll(0x1a00c768)]: 0 failure(s)
Postproc #2 [meta_schedule.RewriteReductionBlock(0x19df15c8)]: 0 failure(s)
Postproc #3 [meta_schedule.RewriteLayout(0x1a03f7c8)]: 0 failure(s)
2025-07-09 17:34:11 [INFO] [evolutionary_search.cc:621] Evolve iter #3 done. Summary:
Postproc #0 [meta_schedule.DisallowDynamicLoop(0x19f11008)]: 0 failure(s)
Postproc #1 [meta_schedule.RewriteParallelVectorizeUnroll(0x1a00c768)]: 0 failure(s)
Postproc #2 [meta_schedule.RewriteReductionBlock(0x19df15c8)]: 0 failure(s)
Postproc #3 [meta_schedule.RewriteLayout(0x1a03f7c8)]: 0 failure(s)
2025-07-09 17:34:11 [INFO] [evolutionary_search.cc:649] Scores of the best 0 candidates:
2025-07-09 17:34:11 [INFO] [evolutionary_search.cc:727] Got 0 candidate(s) with evolutionary search
2025-07-09 17:34:11 [INFO] [evolutionary_search.cc:730] Sending 0 candidates(s) for measurement
2025-07-09 17:34:11 [INFO] [evolutionary_search.cc:713] Generating candidates......
2025-07-09 17:34:11 [INFO] [evolutionary_search.cc:715] Picked top 10 candidate(s) from database
2025-07-09 17:34:11 [INFO] [evolutionary_search.cc:533] Sample-Init-Population summary:
Postproc #0 [meta_schedule.DisallowDynamicLoop(0x19f11008)]: 0 failure(s)
Postproc #1 [meta_schedule.RewriteParallelVectorizeUnroll(0x1a00c768)]: 0 failure(s)
Postproc #2 [meta_schedule.RewriteReductionBlock(0x19df15c8)]: 0 failure(s)
Postproc #3 [meta_schedule.RewriteLayout(0x1a03f7c8)]: 0 failure(s)
2025-07-09 17:34:11 [INFO] [evolutionary_search.cc:723] Sampled 502 candidate(s)
2025-07-09 17:34:11 [INFO] [evolutionary_search.cc:621] Evolve iter #0 done. Summary:
Postproc #0 [meta_schedule.DisallowDynamicLoop(0x19f11008)]: 0 failure(s)
Postproc #1 [meta_schedule.RewriteParallelVectorizeUnroll(0x1a00c768)]: 0 failure(s)
Postproc #2 [meta_schedule.RewriteReductionBlock(0x19df15c8)]: 0 failure(s)
Postproc #3 [meta_schedule.RewriteLayout(0x1a03f7c8)]: 0 failure(s)
2025-07-09 17:34:11 [INFO] [evolutionary_search.cc:621] Evolve iter #1 done. Summary:
Postproc #0 [meta_schedule.DisallowDynamicLoop(0x19f11008)]: 0 failure(s)
Postproc #1 [meta_schedule.RewriteParallelVectorizeUnroll(0x1a00c768)]: 0 failure(s)
Postproc #2 [meta_schedule.RewriteReductionBlock(0x19df15c8)]: 0 failure(s)
Postproc #3 [meta_schedule.RewriteLayout(0x1a03f7c8)]: 0 failure(s)
2025-07-09 17:34:12 [INFO] [evolutionary_search.cc:621] Evolve iter #2 done. Summary:
Postproc #0 [meta_schedule.DisallowDynamicLoop(0x19f11008)]: 0 failure(s)
Postproc #1 [meta_schedule.RewriteParallelVectorizeUnroll(0x1a00c768)]: 0 failure(s)
Postproc #2 [meta_schedule.RewriteReductionBlock(0x19df15c8)]: 0 failure(s)
Postproc #3 [meta_schedule.RewriteLayout(0x1a03f7c8)]: 0 failure(s)
2025-07-09 17:34:12 [INFO] [evolutionary_search.cc:621] Evolve iter #3 done. Summary:
Postproc #0 [meta_schedule.DisallowDynamicLoop(0x19f11008)]: 0 failure(s)
Postproc #1 [meta_schedule.RewriteParallelVectorizeUnroll(0x1a00c768)]: 0 failure(s)
Postproc #2 [meta_schedule.RewriteReductionBlock(0x19df15c8)]: 0 failure(s)
Postproc #3 [meta_schedule.RewriteLayout(0x1a03f7c8)]: 0 failure(s)
2025-07-09 17:34:12 [INFO] [evolutionary_search.cc:649] Scores of the best 0 candidates:
2025-07-09 17:34:12 [INFO] [evolutionary_search.cc:727] Got 0 candidate(s) with evolutionary search
2025-07-09 17:34:12 [INFO] [evolutionary_search.cc:730] Sending 0 candidates(s) for measurement
2025-07-09 17:34:12 [INFO] [evolutionary_search.cc:713] Generating candidates......
2025-07-09 17:34:12 [INFO] [evolutionary_search.cc:715] Picked top 10 candidate(s) from database
2025-07-09 17:34:12 [INFO] [evolutionary_search.cc:533] Sample-Init-Population summary:
Postproc #0 [meta_schedule.DisallowDynamicLoop(0x19f11008)]: 0 failure(s)
Postproc #1 [meta_schedule.RewriteParallelVectorizeUnroll(0x1a00c768)]: 0 failure(s)
Postproc #2 [meta_schedule.RewriteReductionBlock(0x19df15c8)]: 0 failure(s)
Postproc #3 [meta_schedule.RewriteLayout(0x1a03f7c8)]: 0 failure(s)
2025-07-09 17:34:12 [INFO] [evolutionary_search.cc:723] Sampled 502 candidate(s)
2025-07-09 17:34:12 [INFO] [evolutionary_search.cc:621] Evolve iter #0 done. Summary:
Postproc #0 [meta_schedule.DisallowDynamicLoop(0x19f11008)]: 0 failure(s)
Postproc #1 [meta_schedule.RewriteParallelVectorizeUnroll(0x1a00c768)]: 0 failure(s)
Postproc #2 [meta_schedule.RewriteReductionBlock(0x19df15c8)]: 0 failure(s)
Postproc #3 [meta_schedule.RewriteLayout(0x1a03f7c8)]: 0 failure(s)
2025-07-09 17:34:12 [INFO] [evolutionary_search.cc:621] Evolve iter #1 done. Summary:
Postproc #0 [meta_schedule.DisallowDynamicLoop(0x19f11008)]: 0 failure(s)
Postproc #1 [meta_schedule.RewriteParallelVectorizeUnroll(0x1a00c768)]: 0 failure(s)
Postproc #2 [meta_schedule.RewriteReductionBlock(0x19df15c8)]: 0 failure(s)
Postproc #3 [meta_schedule.RewriteLayout(0x1a03f7c8)]: 0 failure(s)
2025-07-09 17:34:12 [INFO] [evolutionary_search.cc:621] Evolve iter #2 done. Summary:
Postproc #0 [meta_schedule.DisallowDynamicLoop(0x19f11008)]: 0 failure(s)
Postproc #1 [meta_schedule.RewriteParallelVectorizeUnroll(0x1a00c768)]: 0 failure(s)
Postproc #2 [meta_schedule.RewriteReductionBlock(0x19df15c8)]: 0 failure(s)
Postproc #3 [meta_schedule.RewriteLayout(0x1a03f7c8)]: 0 failure(s)
2025-07-09 17:34:13 [INFO] [evolutionary_search.cc:621] Evolve iter #3 done. Summary:
Postproc #0 [meta_schedule.DisallowDynamicLoop(0x19f11008)]: 0 failure(s)
Postproc #1 [meta_schedule.RewriteParallelVectorizeUnroll(0x1a00c768)]: 0 failure(s)
Postproc #2 [meta_schedule.RewriteReductionBlock(0x19df15c8)]: 0 failure(s)
Postproc #3 [meta_schedule.RewriteLayout(0x1a03f7c8)]: 0 failure(s)
2025-07-09 17:34:13 [INFO] [evolutionary_search.cc:649] Scores of the best 0 candidates:
2025-07-09 17:34:13 [INFO] [evolutionary_search.cc:727] Got 0 candidate(s) with evolutionary search
2025-07-09 17:34:13 [INFO] [evolutionary_search.cc:730] Sending 0 candidates(s) for measurement
2025-07-09 17:34:13 [INFO] [evolutionary_search.cc:713] Generating candidates......
2025-07-09 17:34:13 [INFO] [evolutionary_search.cc:715] Picked top 10 candidate(s) from database
2025-07-09 17:34:13 [INFO] [evolutionary_search.cc:533] Sample-Init-Population summary:
Postproc #0 [meta_schedule.DisallowDynamicLoop(0x19f11008)]: 0 failure(s)
Postproc #1 [meta_schedule.RewriteParallelVectorizeUnroll(0x1a00c768)]: 0 failure(s)
Postproc #2 [meta_schedule.RewriteReductionBlock(0x19df15c8)]: 0 failure(s)
Postproc #3 [meta_schedule.RewriteLayout(0x1a03f7c8)]: 0 failure(s)
2025-07-09 17:34:13 [INFO] [evolutionary_search.cc:723] Sampled 502 candidate(s)
2025-07-09 17:34:13 [INFO] [evolutionary_search.cc:621] Evolve iter #0 done. Summary:
Postproc #0 [meta_schedule.DisallowDynamicLoop(0x19f11008)]: 0 failure(s)
Postproc #1 [meta_schedule.RewriteParallelVectorizeUnroll(0x1a00c768)]: 0 failure(s)
Postproc #2 [meta_schedule.RewriteReductionBlock(0x19df15c8)]: 0 failure(s)
Postproc #3 [meta_schedule.RewriteLayout(0x1a03f7c8)]: 0 failure(s)
2025-07-09 17:34:13 [INFO] [evolutionary_search.cc:621] Evolve iter #1 done. Summary:
Postproc #0 [meta_schedule.DisallowDynamicLoop(0x19f11008)]: 0 failure(s)
Postproc #1 [meta_schedule.RewriteParallelVectorizeUnroll(0x1a00c768)]: 0 failure(s)
Postproc #2 [meta_schedule.RewriteReductionBlock(0x19df15c8)]: 0 failure(s)
Postproc #3 [meta_schedule.RewriteLayout(0x1a03f7c8)]: 0 failure(s)
2025-07-09 17:34:13 [INFO] [evolutionary_search.cc:621] Evolve iter #2 done. Summary:
Postproc #0 [meta_schedule.DisallowDynamicLoop(0x19f11008)]: 0 failure(s)
Postproc #1 [meta_schedule.RewriteParallelVectorizeUnroll(0x1a00c768)]: 0 failure(s)
Postproc #2 [meta_schedule.RewriteReductionBlock(0x19df15c8)]: 0 failure(s)
Postproc #3 [meta_schedule.RewriteLayout(0x1a03f7c8)]: 0 failure(s)
2025-07-09 17:34:13 [INFO] [evolutionary_search.cc:621] Evolve iter #3 done. Summary:
Postproc #0 [meta_schedule.DisallowDynamicLoop(0x19f11008)]: 0 failure(s)
Postproc #1 [meta_schedule.RewriteParallelVectorizeUnroll(0x1a00c768)]: 0 failure(s)
Postproc #2 [meta_schedule.RewriteReductionBlock(0x19df15c8)]: 0 failure(s)
Postproc #3 [meta_schedule.RewriteLayout(0x1a03f7c8)]: 0 failure(s)
2025-07-09 17:34:13 [INFO] [evolutionary_search.cc:649] Scores of the best 0 candidates:
2025-07-09 17:34:13 [INFO] [evolutionary_search.cc:727] Got 0 candidate(s) with evolutionary search
2025-07-09 17:34:13 [INFO] [evolutionary_search.cc:730] Sending 0 candidates(s) for measurement
2025-07-09 17:34:13 [INFO] [evolutionary_search.cc:713] Generating candidates......
2025-07-09 17:34:13 [INFO] [evolutionary_search.cc:715] Picked top 10 candidate(s) from database
2025-07-09 17:34:13 [INFO] [evolutionary_search.cc:533] Sample-Init-Population summary:
Postproc #0 [meta_schedule.DisallowDynamicLoop(0x19f11008)]: 0 failure(s)
Postproc #1 [meta_schedule.RewriteParallelVectorizeUnroll(0x1a00c768)]: 0 failure(s)
Postproc #2 [meta_schedule.RewriteReductionBlock(0x19df15c8)]: 0 failure(s)
Postproc #3 [meta_schedule.RewriteLayout(0x1a03f7c8)]: 0 failure(s)
2025-07-09 17:34:13 [INFO] [evolutionary_search.cc:723] Sampled 502 candidate(s)
2025-07-09 17:34:14 [INFO] [evolutionary_search.cc:621] Evolve iter #0 done. Summary:
Postproc #0 [meta_schedule.DisallowDynamicLoop(0x19f11008)]: 0 failure(s)
Postproc #1 [meta_schedule.RewriteParallelVectorizeUnroll(0x1a00c768)]: 0 failure(s)
Postproc #2 [meta_schedule.RewriteReductionBlock(0x19df15c8)]: 0 failure(s)
Postproc #3 [meta_schedule.RewriteLayout(0x1a03f7c8)]: 0 failure(s)
2025-07-09 17:34:14 [INFO] [evolutionary_search.cc:621] Evolve iter #1 done. Summary:
Postproc #0 [meta_schedule.DisallowDynamicLoop(0x19f11008)]: 0 failure(s)
Postproc #1 [meta_schedule.RewriteParallelVectorizeUnroll(0x1a00c768)]: 0 failure(s)
Postproc #2 [meta_schedule.RewriteReductionBlock(0x19df15c8)]: 0 failure(s)
Postproc #3 [meta_schedule.RewriteLayout(0x1a03f7c8)]: 0 failure(s)
2025-07-09 17:34:14 [INFO] [evolutionary_search.cc:621] Evolve iter #2 done. Summary:
Postproc #0 [meta_schedule.DisallowDynamicLoop(0x19f11008)]: 0 failure(s)
Postproc #1 [meta_schedule.RewriteParallelVectorizeUnroll(0x1a00c768)]: 0 failure(s)
Postproc #2 [meta_schedule.RewriteReductionBlock(0x19df15c8)]: 0 failure(s)
Postproc #3 [meta_schedule.RewriteLayout(0x1a03f7c8)]: 0 failure(s)
2025-07-09 17:34:14 [INFO] [evolutionary_search.cc:621] Evolve iter #3 done. Summary:
Postproc #0 [meta_schedule.DisallowDynamicLoop(0x19f11008)]: 0 failure(s)
Postproc #1 [meta_schedule.RewriteParallelVectorizeUnroll(0x1a00c768)]: 0 failure(s)
Postproc #2 [meta_schedule.RewriteReductionBlock(0x19df15c8)]: 0 failure(s)
Postproc #3 [meta_schedule.RewriteLayout(0x1a03f7c8)]: 0 failure(s)
2025-07-09 17:34:14 [INFO] [evolutionary_search.cc:649] Scores of the best 0 candidates:
2025-07-09 17:34:14 [INFO] [evolutionary_search.cc:727] Got 0 candidate(s) with evolutionary search
2025-07-09 17:34:14 [INFO] [evolutionary_search.cc:730] Sending 0 candidates(s) for measurement
2025-07-09 17:34:15 [INFO] [task_scheduler.cc:160] Initializing Task #0: "main"
2025-07-09 17:34:15 [INFO] [task_scheduler.cc:35] 
# from tvm.script import ir as I
# from tvm.script import tir as T

@I.ir_module
class Module:
    @T.prim_func
    def main(A: T.Buffer((128, 128), "float32"), B: T.Buffer((128, 128), "float32"), C: T.Buffer((128, 128), "float32")):
        T.func_attr({"tir.noalias": T.bool(True)})
        # with T.block("root"):
        for i, j, k in T.grid(128, 128, 128):
            with T.block("C"):
                vi, vj, vk = T.axis.remap("SSR", [i, j, k])
                T.reads(A[vi, vk], B[vk, vj])
                T.writes(C[vi, vj])
                with T.init():
                    C[vi, vj] = T.float32(0.0)
                C[vi, vj] = C[vi, vj] + A[vi, vk] * B[vk, vj]
2025-07-09 17:34:15 [INFO] [task_scheduler.cc:164] Total 3 design space(s) generated
2025-07-09 17:34:15 [INFO] [task_scheduler.cc:170] Design space #0:
# from tvm.script import ir as I
# from tvm.script import tir as T

@I.ir_module
class Module:
    @T.prim_func
    def main(A: T.Buffer((128, 128), "float32"), B: T.Buffer((128, 128), "float32"), C: T.Buffer((128, 128), "float32")):
        T.func_attr({"tir.noalias": T.bool(True)})
        with T.block("root"):
            T.reads()
            T.writes()
            T.block_attr({"meta_schedule.parallel": 16, "meta_schedule.unroll_explicit": 64, "meta_schedule.vectorize": 64})
            C_global = T.alloc_buffer((128, 128))
            for i_0, j_0, i_1, j_1 in T.grid(1, 4, 1, 1):
                for k_0, i_2, j_2, k_1, i_3, j_3 in T.grid(2, 128, 4, 64, 1, 8):
                    with T.block("C"):
                        vi = T.axis.spatial(128, i_0 * 128 + i_1 * 128 + i_2 + i_3)
                        vj = T.axis.spatial(128, j_0 * 32 + j_1 * 32 + j_2 * 8 + j_3)
                        vk = T.axis.reduce(128, k_0 * 64 + k_1)
                        T.reads(A[vi, vk], B[vk, vj])
                        T.writes(C_global[vi, vj])
                        T.block_attr({"meta_schedule.tiling_structure": "SSRSRS"})
                        with T.init():
                            C_global[vi, vj] = T.float32(0.0)
                        C_global[vi, vj] = C_global[vi, vj] + A[vi, vk] * B[vk, vj]
                for ax0, ax1 in T.grid(128, 32):
                    with T.block("C_global"):
                        v0 = T.axis.spatial(128, ax0)
                        v1 = T.axis.spatial(128, j_0 * 32 + ax1)
                        T.reads(C_global[v0, v1])
                        T.writes(C[v0, v1])
                        C[v0, v1] = C_global[v0, v1]
b0 = sch.get_block(name="C", func_name="main")
b1 = sch.get_block(name="root", func_name="main")
sch.annotate(block_or_loop=b0, ann_key="meta_schedule.tiling_structure", ann_val="SSRSRS")
l2, l3, l4 = sch.get_loops(block=b0)
v5, v6, v7, v8 = sch.sample_perfect_tile(loop=l2, n=4, max_innermost_factor=64, decision=[1, 1, 128, 1])
l9, l10, l11, l12 = sch.split(loop=l2, factors=[v5, v6, v7, v8], preserve_unit_iters=True, disable_predication=False)
v13, v14, v15, v16 = sch.sample_perfect_tile(loop=l3, n=4, max_innermost_factor=64, decision=[4, 1, 4, 8])
l17, l18, l19, l20 = sch.split(loop=l3, factors=[v13, v14, v15, v16], preserve_unit_iters=True, disable_predication=False)
v21, v22 = sch.sample_perfect_tile(loop=l4, n=2, max_innermost_factor=64, decision=[2, 64])
l23, l24 = sch.split(loop=l4, factors=[v21, v22], preserve_unit_iters=True, disable_predication=False)
sch.reorder(l9, l17, l10, l18, l23, l11, l19, l24, l12, l20)
b25 = sch.cache_write(block=b0, write_buffer_index=0, storage_scope="global")
sch.reverse_compute_at(block=b25, loop=l18, preserve_unit_loops=True, index=-1)
sch.annotate(block_or_loop=b1, ann_key="meta_schedule.parallel", ann_val=16)
sch.annotate(block_or_loop=b1, ann_key="meta_schedule.vectorize", ann_val=64)
v26 = sch.sample_categorical(candidates=[0, 16, 64, 512], probs=[0.25, 0.25, 0.25, 0.25], decision=2)
sch.annotate(block_or_loop=b1, ann_key="meta_schedule.unroll_explicit", ann_val=v26)
2025-07-09 17:34:15 [INFO] [task_scheduler.cc:170] Design space #1:
# from tvm.script import ir as I
# from tvm.script import tir as T

@I.ir_module
class Module:
    @T.prim_func
    def main(A: T.Buffer((128, 128), "float32"), B: T.Buffer((128, 128), "float32"), C: T.Buffer((128, 128), "float32")):
        T.func_attr({"tir.noalias": T.bool(True)})
        with T.block("root"):
            T.reads()
            T.writes()
            T.block_attr({"meta_schedule.parallel": 16, "meta_schedule.unroll_explicit": 16, "meta_schedule.vectorize": 64})
            C_global = T.alloc_buffer((128, 128))
            for i_0, j_0 in T.grid(1, 4):
                for i_1, j_1, k_0, i_2, j_2, k_1, i_3, j_3 in T.grid(1, 1, 2, 128, 4, 64, 1, 8):
                    with T.block("C"):
                        vi = T.axis.spatial(128, i_0 * 128 + i_1 * 128 + i_2 + i_3)
                        vj = T.axis.spatial(128, j_0 * 32 + j_1 * 32 + j_2 * 8 + j_3)
                        vk = T.axis.reduce(128, k_0 * 64 + k_1)
                        T.reads(A[vi, vk], B[vk, vj])
                        T.writes(C_global[vi, vj])
                        T.block_attr({"meta_schedule.tiling_structure": "SSRSRS"})
                        with T.init():
                            C_global[vi, vj] = T.float32(0.0)
                        C_global[vi, vj] = C_global[vi, vj] + A[vi, vk] * B[vk, vj]
                for ax0, ax1 in T.grid(128, 32):
                    with T.block("C_global"):
                        v0 = T.axis.spatial(128, ax0)
                        v1 = T.axis.spatial(128, j_0 * 32 + ax1)
                        T.reads(C_global[v0, v1])
                        T.writes(C[v0, v1])
                        C[v0, v1] = C_global[v0, v1]
b0 = sch.get_block(name="C", func_name="main")
b1 = sch.get_block(name="root", func_name="main")
sch.annotate(block_or_loop=b0, ann_key="meta_schedule.tiling_structure", ann_val="SSRSRS")
l2, l3, l4 = sch.get_loops(block=b0)
v5, v6, v7, v8 = sch.sample_perfect_tile(loop=l2, n=4, max_innermost_factor=64, decision=[1, 1, 128, 1])
l9, l10, l11, l12 = sch.split(loop=l2, factors=[v5, v6, v7, v8], preserve_unit_iters=True, disable_predication=False)
v13, v14, v15, v16 = sch.sample_perfect_tile(loop=l3, n=4, max_innermost_factor=64, decision=[4, 1, 4, 8])
l17, l18, l19, l20 = sch.split(loop=l3, factors=[v13, v14, v15, v16], preserve_unit_iters=True, disable_predication=False)
v21, v22 = sch.sample_perfect_tile(loop=l4, n=2, max_innermost_factor=64, decision=[2, 64])
l23, l24 = sch.split(loop=l4, factors=[v21, v22], preserve_unit_iters=True, disable_predication=False)
sch.reorder(l9, l17, l10, l18, l23, l11, l19, l24, l12, l20)
b25 = sch.cache_write(block=b0, write_buffer_index=0, storage_scope="global")
sch.reverse_compute_at(block=b25, loop=l17, preserve_unit_loops=True, index=-1)
sch.annotate(block_or_loop=b1, ann_key="meta_schedule.parallel", ann_val=16)
sch.annotate(block_or_loop=b1, ann_key="meta_schedule.vectorize", ann_val=64)
v26 = sch.sample_categorical(candidates=[0, 16, 64, 512], probs=[0.25, 0.25, 0.25, 0.25], decision=1)
sch.annotate(block_or_loop=b1, ann_key="meta_schedule.unroll_explicit", ann_val=v26)
2025-07-09 17:34:15 [INFO] [task_scheduler.cc:170] Design space #2:
# from tvm.script import ir as I
# from tvm.script import tir as T

@I.ir_module
class Module:
    @T.prim_func
    def main(A: T.Buffer((128, 128), "float32"), B: T.Buffer((128, 128), "float32"), C: T.Buffer((128, 128), "float32")):
        T.func_attr({"tir.noalias": T.bool(True)})
        with T.block("root"):
            T.reads()
            T.writes()
            T.block_attr({"meta_schedule.parallel": 16, "meta_schedule.unroll_explicit": 512, "meta_schedule.vectorize": 64})
            for i_0, j_0, i_1, j_1, k_0, i_2, j_2, k_1, i_3, j_3 in T.grid(1, 4, 1, 1, 2, 128, 4, 64, 1, 8):
                with T.block("C"):
                    vi = T.axis.spatial(128, i_0 * 128 + i_1 * 128 + i_2 + i_3)
                    vj = T.axis.spatial(128, j_0 * 32 + j_1 * 32 + j_2 * 8 + j_3)
                    vk = T.axis.reduce(128, k_0 * 64 + k_1)
                    T.reads(A[vi, vk], B[vk, vj])
                    T.writes(C[vi, vj])
                    T.block_attr({"meta_schedule.tiling_structure": "SSRSRS"})
                    with T.init():
                        C[vi, vj] = T.float32(0.0)
                    C[vi, vj] = C[vi, vj] + A[vi, vk] * B[vk, vj]
b0 = sch.get_block(name="C", func_name="main")
b1 = sch.get_block(name="root", func_name="main")
sch.annotate(block_or_loop=b0, ann_key="meta_schedule.tiling_structure", ann_val="SSRSRS")
l2, l3, l4 = sch.get_loops(block=b0)
v5, v6, v7, v8 = sch.sample_perfect_tile(loop=l2, n=4, max_innermost_factor=64, decision=[1, 1, 128, 1])
l9, l10, l11, l12 = sch.split(loop=l2, factors=[v5, v6, v7, v8], preserve_unit_iters=True, disable_predication=False)
v13, v14, v15, v16 = sch.sample_perfect_tile(loop=l3, n=4, max_innermost_factor=64, decision=[4, 1, 4, 8])
l17, l18, l19, l20 = sch.split(loop=l3, factors=[v13, v14, v15, v16], preserve_unit_iters=True, disable_predication=False)
v21, v22 = sch.sample_perfect_tile(loop=l4, n=2, max_innermost_factor=64, decision=[2, 64])
l23, l24 = sch.split(loop=l4, factors=[v21, v22], preserve_unit_iters=True, disable_predication=False)
sch.reorder(l9, l17, l10, l18, l23, l11, l19, l24, l12, l20)
sch.annotate(block_or_loop=b1, ann_key="meta_schedule.parallel", ann_val=16)
sch.annotate(block_or_loop=b1, ann_key="meta_schedule.vectorize", ann_val=64)
v25 = sch.sample_categorical(candidates=[0, 16, 64, 512], probs=[0.25, 0.25, 0.25, 0.25], decision=3)
sch.annotate(block_or_loop=b1, ann_key="meta_schedule.unroll_explicit", ann_val=v25)
2025-07-09 17:34:15 [INFO] [evolutionary_search.cc:713] Generating candidates......
2025-07-09 17:34:15 [INFO] [evolutionary_search.cc:715] Picked top 10 candidate(s) from database
2025-07-09 17:34:15 [INFO] [evolutionary_search.cc:533] Sample-Init-Population summary:
Postproc #0 [meta_schedule.DisallowDynamicLoop(0x19afd258)]: 0 failure(s)
Postproc #1 [meta_schedule.RewriteParallelVectorizeUnroll(0x19be9868)]: 0 failure(s)
Postproc #2 [meta_schedule.RewriteReductionBlock(0x1ac4e3b8)]: 0 failure(s)
Postproc #3 [meta_schedule.RewriteLayout(0x19b099b8)]: 0 failure(s)
2025-07-09 17:34:15 [INFO] [evolutionary_search.cc:723] Sampled 502 candidate(s)
2025-07-09 17:34:16 [INFO] [evolutionary_search.cc:621] Evolve iter #0 done. Summary:
Postproc #0 [meta_schedule.DisallowDynamicLoop(0x19afd258)]: 0 failure(s)
Postproc #1 [meta_schedule.RewriteParallelVectorizeUnroll(0x19be9868)]: 0 failure(s)
Postproc #2 [meta_schedule.RewriteReductionBlock(0x1ac4e3b8)]: 0 failure(s)
Postproc #3 [meta_schedule.RewriteLayout(0x19b099b8)]: 0 failure(s)
2025-07-09 17:34:16 [INFO] [evolutionary_search.cc:621] Evolve iter #1 done. Summary:
Postproc #0 [meta_schedule.DisallowDynamicLoop(0x19afd258)]: 0 failure(s)
Postproc #1 [meta_schedule.RewriteParallelVectorizeUnroll(0x19be9868)]: 0 failure(s)
Postproc #2 [meta_schedule.RewriteReductionBlock(0x1ac4e3b8)]: 0 failure(s)
Postproc #3 [meta_schedule.RewriteLayout(0x19b099b8)]: 0 failure(s)
2025-07-09 17:34:16 [INFO] [evolutionary_search.cc:621] Evolve iter #2 done. Summary:
Postproc #0 [meta_schedule.DisallowDynamicLoop(0x19afd258)]: 0 failure(s)
Postproc #1 [meta_schedule.RewriteParallelVectorizeUnroll(0x19be9868)]: 0 failure(s)
Postproc #2 [meta_schedule.RewriteReductionBlock(0x1ac4e3b8)]: 0 failure(s)
Postproc #3 [meta_schedule.RewriteLayout(0x19b099b8)]: 0 failure(s)
2025-07-09 17:34:17 [INFO] [evolutionary_search.cc:621] Evolve iter #3 done. Summary:
Postproc #0 [meta_schedule.DisallowDynamicLoop(0x19afd258)]: 0 failure(s)
Postproc #1 [meta_schedule.RewriteParallelVectorizeUnroll(0x19be9868)]: 0 failure(s)
Postproc #2 [meta_schedule.RewriteReductionBlock(0x1ac4e3b8)]: 0 failure(s)
Postproc #3 [meta_schedule.RewriteLayout(0x19b099b8)]: 0 failure(s)
2025-07-09 17:34:17 [INFO] [evolutionary_search.cc:649] Scores of the best 64 candidates:
[1 : 16]:	0.9986  0.9984  0.9982  0.9981  0.9980  0.9978  0.9973  0.9962  0.9961  0.9960  0.9945  0.9945  0.9945  0.9943  0.9941  0.9940
[17 : 32]:	0.9938  0.9930  0.9930  0.9905  0.9904  0.9903  0.9895  0.9891  0.9871  0.9863  0.9858  0.9856  0.9853  0.9840  0.9839  0.9839
[33 : 48]:	0.9836  0.9827  0.9819  0.9808  0.9807  0.9795  0.9794  0.9793  0.9779  0.9778  0.9777  0.9776  0.9773  0.9771  0.9770  0.9758
[49 : 64]:	0.9755  0.9751  0.9747  0.9746  0.9745  0.9740  0.9729  0.9722  0.9713  0.9703  0.9703  0.9703  0.9695  0.9686  0.9678  0.9674
2025-07-09 17:34:17 [INFO] [evolutionary_search.cc:727] Got 64 candidate(s) with evolutionary search
2025-07-09 17:34:17 [INFO] [evolutionary_search.cc:730] Sending 63 candidates(s) for measurement
2025-07-09 17:34:47 [INFO] [task_scheduler.cc:131] [Task #0: main] Trial #1: GFLOPs: 37.7798. Time: 111.0197 us. Best GFLOPs: 37.7798
2025-07-09 17:34:47 [INFO] [task_scheduler.cc:131] [Task #0: main] Trial #2: GFLOPs: 27.7548. Time: 151.1197 us. Best GFLOPs: 37.7798
2025-07-09 17:34:47 [INFO] [task_scheduler.cc:131] [Task #0: main] Trial #3: GFLOPs: 32.8807. Time: 127.5615 us. Best GFLOPs: 37.7798
2025-07-09 17:34:47 [INFO] [task_scheduler.cc:131] [Task #0: main] Trial #4: GFLOPs: 36.9466. Time: 113.5234 us. Best GFLOPs: 37.7798
2025-07-09 17:34:47 [INFO] [task_scheduler.cc:131] [Task #0: main] Trial #5: GFLOPs: 20.2159. Time: 207.4756 us. Best GFLOPs: 37.7798
2025-07-09 17:34:47 [INFO] [task_scheduler.cc:131] [Task #0: main] Trial #6: GFLOPs: 7.2151. Time: 581.3196 us. Best GFLOPs: 37.7798
2025-07-09 17:34:47 [INFO] [task_scheduler.cc:131] [Task #0: main] Trial #7: GFLOPs: 13.1602. Time: 318.7110 us. Best GFLOPs: 37.7798
2025-07-09 17:34:47 [INFO] [task_scheduler.cc:131] [Task #0: main] Trial #8: GFLOPs: 10.6691. Time: 393.1263 us. Best GFLOPs: 37.7798
2025-07-09 17:34:47 [INFO] [task_scheduler.cc:131] [Task #0: main] Trial #9: GFLOPs: 32.0273. Time: 130.9605 us. Best GFLOPs: 37.7798
2025-07-09 17:34:47 [INFO] [task_scheduler.cc:131] [Task #0: main] Trial #10: GFLOPs: 25.1650. Time: 166.6722 us. Best GFLOPs: 37.7798
2025-07-09 17:34:47 [INFO] [task_scheduler.cc:131] [Task #0: main] Trial #11: GFLOPs: 9.8372. Time: 426.3725 us. Best GFLOPs: 37.7798
2025-07-09 17:34:47 [INFO] [task_scheduler.cc:131] [Task #0: main] Trial #12: GFLOPs: 8.3874. Time: 500.0710 us. Best GFLOPs: 37.7798
2025-07-09 17:34:47 [INFO] [task_scheduler.cc:131] [Task #0: main] Trial #13: GFLOPs: 9.9850. Time: 420.0603 us. Best GFLOPs: 37.7798
2025-07-09 17:34:47 [INFO] [task_scheduler.cc:131] [Task #0: main] Trial #14: GFLOPs: 7.6535. Time: 548.0237 us. Best GFLOPs: 37.7798
2025-07-09 17:34:47 [INFO] [task_scheduler.cc:131] [Task #0: main] Trial #15: GFLOPs: 32.7446. Time: 128.0916 us. Best GFLOPs: 37.7798
2025-07-09 17:34:47 [INFO] [task_scheduler.cc:131] [Task #0: main] Trial #16: GFLOPs: 32.6138. Time: 128.6050 us. Best GFLOPs: 37.7798
2025-07-09 17:34:47 [INFO] [task_scheduler.cc:131] [Task #0: main] Trial #17: GFLOPs: 32.4329. Time: 129.3226 us. Best GFLOPs: 37.7798
2025-07-09 17:34:47 [INFO] [task_scheduler.cc:131] [Task #0: main] Trial #18: GFLOPs: 36.2655. Time: 115.6554 us. Best GFLOPs: 37.7798
2025-07-09 17:34:47 [INFO] [task_scheduler.cc:131] [Task #0: main] Trial #19: GFLOPs: 25.2817. Time: 165.9031 us. Best GFLOPs: 37.7798
2025-07-09 17:34:47 [INFO] [task_scheduler.cc:131] [Task #0: main] Trial #20: GFLOPs: 34.5271. Time: 121.4786 us. Best GFLOPs: 37.7798
2025-07-09 17:34:47 [INFO] [task_scheduler.cc:131] [Task #0: main] Trial #21: GFLOPs: 32.1674. Time: 130.3897 us. Best GFLOPs: 37.7798
2025-07-09 17:34:47 [INFO] [task_scheduler.cc:131] [Task #0: main] Trial #22: GFLOPs: 15.6604. Time: 267.8287 us. Best GFLOPs: 37.7798
2025-07-09 17:34:47 [INFO] [task_scheduler.cc:131] [Task #0: main] Trial #23: GFLOPs: 30.4668. Time: 137.6681 us. Best GFLOPs: 37.7798
2025-07-09 17:34:47 [INFO] [task_scheduler.cc:131] [Task #0: main] Trial #24: GFLOPs: 37.0328. Time: 113.2593 us. Best GFLOPs: 37.7798
2025-07-09 17:34:47 [INFO] [task_scheduler.cc:131] [Task #0: main] Trial #25: GFLOPs: 12.7996. Time: 327.6892 us. Best GFLOPs: 37.7798
2025-07-09 17:34:47 [INFO] [task_scheduler.cc:131] [Task #0: main] Trial #26: GFLOPs: 27.7843. Time: 150.9594 us. Best GFLOPs: 37.7798
2025-07-09 17:34:47 [INFO] [task_scheduler.cc:131] [Task #0: main] Trial #27: GFLOPs: 32.3712. Time: 129.5688 us. Best GFLOPs: 37.7798
2025-07-09 17:34:47 [INFO] [task_scheduler.cc:131] [Task #0: main] Trial #28: GFLOPs: 12.7863. Time: 328.0305 us. Best GFLOPs: 37.7798
2025-07-09 17:34:47 [INFO] [task_scheduler.cc:131] [Task #0: main] Trial #29: GFLOPs: 11.2672. Time: 372.2580 us. Best GFLOPs: 37.7798
2025-07-09 17:34:47 [INFO] [task_scheduler.cc:131] [Task #0: main] Trial #30: GFLOPs: 6.7822. Time: 618.4237 us. Best GFLOPs: 37.7798
2025-07-09 17:34:47 [INFO] [task_scheduler.cc:131] [Task #0: main] Trial #31: GFLOPs: 15.0909. Time: 277.9362 us. Best GFLOPs: 37.7798
2025-07-09 17:34:47 [INFO] [task_scheduler.cc:131] [Task #0: main] Trial #32: GFLOPs: 16.0364. Time: 261.5488 us. Best GFLOPs: 37.7798
2025-07-09 17:34:47 [INFO] [task_scheduler.cc:131] [Task #0: main] Trial #33: GFLOPs: 29.1965. Time: 143.6579 us. Best GFLOPs: 37.7798
2025-07-09 17:34:47 [INFO] [task_scheduler.cc:131] [Task #0: main] Trial #34: GFLOPs: 11.3171. Time: 370.6154 us. Best GFLOPs: 37.7798
2025-07-09 17:34:47 [INFO] [task_scheduler.cc:131] [Task #0: main] Trial #35: GFLOPs: 32.0972. Time: 130.6752 us. Best GFLOPs: 37.7798
2025-07-09 17:34:47 [INFO] [task_scheduler.cc:131] [Task #0: main] Trial #36: GFLOPs: 16.0287. Time: 261.6752 us. Best GFLOPs: 37.7798
2025-07-09 17:34:47 [INFO] [task_scheduler.cc:131] [Task #0: main] Trial #37: GFLOPs: 25.3132. Time: 165.6964 us. Best GFLOPs: 37.7798
2025-07-09 17:34:47 [INFO] [task_scheduler.cc:131] [Task #0: main] Trial #38: GFLOPs: 38.9506. Time: 107.6825 us. Best GFLOPs: 38.9506
2025-07-09 17:34:47 [INFO] [task_scheduler.cc:131] [Task #0: main] Trial #39: GFLOPs: 10.3596. Time: 404.8699 us. Best GFLOPs: 38.9506
2025-07-09 17:34:47 [INFO] [task_scheduler.cc:131] [Task #0: main] Trial #40: GFLOPs: 33.1646. Time: 126.4693 us. Best GFLOPs: 38.9506
2025-07-09 17:34:47 [INFO] [task_scheduler.cc:131] [Task #0: main] Trial #41: GFLOPs: 31.3459. Time: 133.8072 us. Best GFLOPs: 38.9506
2025-07-09 17:34:47 [INFO] [task_scheduler.cc:131] [Task #0: main] Trial #42: GFLOPs: 17.7103. Time: 236.8290 us. Best GFLOPs: 38.9506
2025-07-09 17:34:47 [INFO] [task_scheduler.cc:131] [Task #0: main] Trial #43: GFLOPs: 11.8876. Time: 352.8299 us. Best GFLOPs: 38.9506
2025-07-09 17:34:47 [INFO] [task_scheduler.cc:131] [Task #0: main] Trial #44: GFLOPs: 29.8138. Time: 140.6832 us. Best GFLOPs: 38.9506
2025-07-09 17:34:47 [INFO] [task_scheduler.cc:131] [Task #0: main] Trial #45: GFLOPs: 11.3363. Time: 369.9876 us. Best GFLOPs: 38.9506
2025-07-09 17:34:47 [INFO] [task_scheduler.cc:131] [Task #0: main] Trial #46: GFLOPs: 15.4793. Time: 270.9624 us. Best GFLOPs: 38.9506
2025-07-09 17:34:47 [INFO] [task_scheduler.cc:131] [Task #0: main] Trial #47: GFLOPs: 16.2600. Time: 257.9521 us. Best GFLOPs: 38.9506
2025-07-09 17:34:47 [INFO] [task_scheduler.cc:131] [Task #0: main] Trial #48: GFLOPs: 30.5882. Time: 137.1218 us. Best GFLOPs: 38.9506
2025-07-09 17:34:47 [INFO] [task_scheduler.cc:131] [Task #0: main] Trial #49: GFLOPs: 29.2716. Time: 143.2894 us. Best GFLOPs: 38.9506
2025-07-09 17:34:47 [INFO] [task_scheduler.cc:131] [Task #0: main] Trial #50: GFLOPs: 27.7442. Time: 151.1778 us. Best GFLOPs: 38.9506
2025-07-09 17:34:47 [INFO] [task_scheduler.cc:131] [Task #0: main] Trial #51: GFLOPs: 15.7578. Time: 266.1724 us. Best GFLOPs: 38.9506
2025-07-09 17:34:47 [INFO] [task_scheduler.cc:131] [Task #0: main] Trial #52: GFLOPs: 25.2316. Time: 166.2324 us. Best GFLOPs: 38.9506
2025-07-09 17:34:47 [INFO] [task_scheduler.cc:131] [Task #0: main] Trial #53: GFLOPs: 6.4742. Time: 647.8528 us. Best GFLOPs: 38.9506
2025-07-09 17:34:47 [INFO] [task_scheduler.cc:131] [Task #0: main] Trial #54: GFLOPs: 35.4144. Time: 118.4350 us. Best GFLOPs: 38.9506
2025-07-09 17:34:47 [INFO] [task_scheduler.cc:131] [Task #0: main] Trial #55: GFLOPs: 11.3332. Time: 370.0906 us. Best GFLOPs: 38.9506
2025-07-09 17:34:47 [INFO] [task_scheduler.cc:131] [Task #0: main] Trial #56: GFLOPs: 8.5908. Time: 488.2315 us. Best GFLOPs: 38.9506
2025-07-09 17:34:47 [INFO] [task_scheduler.cc:131] [Task #0: main] Trial #57: GFLOPs: 3.0944. Time: 1355.4309 us. Best GFLOPs: 38.9506
2025-07-09 17:34:47 [INFO] [task_scheduler.cc:131] [Task #0: main] Trial #58: GFLOPs: 13.8986. Time: 301.7792 us. Best GFLOPs: 38.9506
2025-07-09 17:34:47 [INFO] [task_scheduler.cc:131] [Task #0: main] Trial #59: GFLOPs: 15.4180. Time: 272.0398 us. Best GFLOPs: 38.9506
2025-07-09 17:34:47 [INFO] [task_scheduler.cc:131] [Task #0: main] Trial #60: GFLOPs: 17.2882. Time: 242.6104 us. Best GFLOPs: 38.9506
2025-07-09 17:34:47 [INFO] [task_scheduler.cc:131] [Task #0: main] Trial #61: GFLOPs: 23.1752. Time: 180.9824 us. Best GFLOPs: 38.9506
2025-07-09 17:34:47 [INFO] [task_scheduler.cc:131] [Task #0: main] Trial #62: GFLOPs: 27.4147. Time: 152.9945 us. Best GFLOPs: 38.9506
2025-07-09 17:34:47 [INFO] [task_scheduler.cc:131] [Task #0: main] Trial #63: GFLOPs: 29.5346. Time: 142.0134 us. Best GFLOPs: 38.9506
2025-07-09 17:34:47 [INFO] [evolutionary_search.cc:713] Generating candidates......
2025-07-09 17:34:47 [INFO] [evolutionary_search.cc:715] Picked top 73 candidate(s) from database
2025-07-09 17:34:47 [INFO] [evolutionary_search.cc:533] Sample-Init-Population summary:
Postproc #0 [meta_schedule.DisallowDynamicLoop(0x19afd258)]: 0 failure(s)
Postproc #1 [meta_schedule.RewriteParallelVectorizeUnroll(0x19be9868)]: 0 failure(s)
Postproc #2 [meta_schedule.RewriteReductionBlock(0x1ac4e3b8)]: 0 failure(s)
Postproc #3 [meta_schedule.RewriteLayout(0x19b099b8)]: 0 failure(s)
2025-07-09 17:34:47 [INFO] [evolutionary_search.cc:723] Sampled 439 candidate(s)
2025-07-09 17:34:47 [INFO] [evolutionary_search.cc:621] Evolve iter #0 done. Summary:
Postproc #0 [meta_schedule.DisallowDynamicLoop(0x19afd258)]: 0 failure(s)
Postproc #1 [meta_schedule.RewriteParallelVectorizeUnroll(0x19be9868)]: 0 failure(s)
Postproc #2 [meta_schedule.RewriteReductionBlock(0x1ac4e3b8)]: 0 failure(s)
Postproc #3 [meta_schedule.RewriteLayout(0x19b099b8)]: 0 failure(s)
2025-07-09 17:34:48 [INFO] [evolutionary_search.cc:621] Evolve iter #1 done. Summary:
Postproc #0 [meta_schedule.DisallowDynamicLoop(0x19afd258)]: 0 failure(s)
Postproc #1 [meta_schedule.RewriteParallelVectorizeUnroll(0x19be9868)]: 0 failure(s)
Postproc #2 [meta_schedule.RewriteReductionBlock(0x1ac4e3b8)]: 0 failure(s)
Postproc #3 [meta_schedule.RewriteLayout(0x19b099b8)]: 0 failure(s)
2025-07-09 17:34:48 [INFO] [evolutionary_search.cc:621] Evolve iter #2 done. Summary:
Postproc #0 [meta_schedule.DisallowDynamicLoop(0x19afd258)]: 0 failure(s)
Postproc #1 [meta_schedule.RewriteParallelVectorizeUnroll(0x19be9868)]: 0 failure(s)
Postproc #2 [meta_schedule.RewriteReductionBlock(0x1ac4e3b8)]: 0 failure(s)
Postproc #3 [meta_schedule.RewriteLayout(0x19b099b8)]: 0 failure(s)
2025-07-09 17:34:49 [INFO] [evolutionary_search.cc:621] Evolve iter #3 done. Summary:
Postproc #0 [meta_schedule.DisallowDynamicLoop(0x19afd258)]: 0 failure(s)
Postproc #1 [meta_schedule.RewriteParallelVectorizeUnroll(0x19be9868)]: 0 failure(s)
Postproc #2 [meta_schedule.RewriteReductionBlock(0x1ac4e3b8)]: 0 failure(s)
Postproc #3 [meta_schedule.RewriteLayout(0x19b099b8)]: 0 failure(s)
2025-07-09 17:34:49 [INFO] [evolutionary_search.cc:649] Scores of the best 1 candidates:
[1 : 1]:	0.9995
2025-07-09 17:34:49 [INFO] [evolutionary_search.cc:727] Got 1 candidate(s) with evolutionary search
2025-07-09 17:34:49 [INFO] [evolutionary_search.cc:730] Sending 1 candidates(s) for measurement
2025-07-09 17:34:51 [INFO] [task_scheduler.cc:131] [Task #0: main] Trial #64: GFLOPs: 7.2519. Time: 578.3733 us. Best GFLOPs: 38.9506
2025-07-09 17:35:07 [INFO] [task_scheduler.cc:160] Initializing Task #0: "main"
2025-07-09 17:35:07 [INFO] [task_scheduler.cc:35] 
# from tvm.script import ir as I
# from tvm.script import tir as T

@I.ir_module
class Module:
    @T.prim_func
    def main(X: T.Buffer((1, 784), "float32"), W: T.Buffer((128, 784), "float32"), B: T.Buffer((128,), "float32"), Z: T.Buffer((1, 128), "float32")):
        T.func_attr({"tir.noalias": T.bool(True)})
        # with T.block("root"):
        Y = T.alloc_buffer((1, 128))
        for i, j, k in T.grid(1, 128, 784):
            with T.block("Y"):
                vi, vj, vk = T.axis.remap("SSR", [i, j, k])
                T.reads(X[vi, vk], W[vj, vk])
                T.writes(Y[vi, vj])
                with T.init():
                    Y[vi, vj] = T.float32(0.0)
                Y[vi, vj] = Y[vi, vj] + X[vi, vk] * W[vj, vk]
        for i, j in T.grid(1, 128):
            with T.block("Z"):
                vi, vj = T.axis.remap("SS", [i, j])
                T.reads(Y[vi, vj], B[vj])
                T.writes(Z[vi, vj])
                Z[vi, vj] = Y[vi, vj] + B[vj]
2025-07-09 17:35:07 [INFO] [task_scheduler.cc:164] Total 3 design space(s) generated
2025-07-09 17:35:07 [INFO] [task_scheduler.cc:170] Design space #0:
# from tvm.script import ir as I
# from tvm.script import tir as T

@I.ir_module
class Module:
    @T.prim_func
    def main(X: T.Buffer((1, 784), "float32"), W: T.Buffer((128, 784), "float32"), B: T.Buffer((128,), "float32"), Z: T.Buffer((1, 128), "float32")):
        T.func_attr({"tir.noalias": T.bool(True)})
        with T.block("root"):
            T.reads()
            T.writes()
            T.block_attr({"meta_schedule.parallel": 16, "meta_schedule.unroll_explicit": 64, "meta_schedule.vectorize": 64})
            Y = T.alloc_buffer((1, 128))
            for i_0, j_0, i_1, j_1, k_0, i_2, j_2, k_1, i_3, j_3 in T.grid(1, 4, 1, 2, 14, 1, 8, 56, 1, 2):
                with T.block("Y"):
                    vi = T.axis.spatial(1, i_0 + i_1 + i_2 + i_3)
                    vj = T.axis.spatial(128, j_0 * 32 + j_1 * 16 + j_2 * 2 + j_3)
                    vk = T.axis.reduce(784, k_0 * 56 + k_1)
                    T.reads(X[vi, vk], W[vj, vk])
                    T.writes(Y[vi, vj])
                    T.block_attr({"meta_schedule.tiling_structure": "SSRSRS"})
                    with T.init():
                        Y[vi, vj] = T.float32(0.0)
                    Y[vi, vj] = Y[vi, vj] + X[vi, vk] * W[vj, vk]
            for i, j in T.grid(1, 128):
                with T.block("Z"):
                    vi, vj = T.axis.remap("SS", [i, j])
                    T.reads(Y[vi, vj], B[vj])
                    T.writes(Z[vi, vj])
                    Z[vi, vj] = Y[vi, vj] + B[vj]
b0 = sch.get_block(name="Y", func_name="main")
b1 = sch.get_block(name="root", func_name="main")
sch.annotate(block_or_loop=b0, ann_key="meta_schedule.tiling_structure", ann_val="SSRSRS")
l2, l3, l4 = sch.get_loops(block=b0)
v5, v6, v7, v8 = sch.sample_perfect_tile(loop=l2, n=4, max_innermost_factor=64, decision=[1, 1, 1, 1])
l9, l10, l11, l12 = sch.split(loop=l2, factors=[v5, v6, v7, v8], preserve_unit_iters=True, disable_predication=False)
v13, v14, v15, v16 = sch.sample_perfect_tile(loop=l3, n=4, max_innermost_factor=64, decision=[4, 2, 8, 2])
l17, l18, l19, l20 = sch.split(loop=l3, factors=[v13, v14, v15, v16], preserve_unit_iters=True, disable_predication=False)
v21, v22 = sch.sample_perfect_tile(loop=l4, n=2, max_innermost_factor=64, decision=[14, 56])
l23, l24 = sch.split(loop=l4, factors=[v21, v22], preserve_unit_iters=True, disable_predication=False)
sch.reorder(l9, l17, l10, l18, l23, l11, l19, l24, l12, l20)
sch.annotate(block_or_loop=b1, ann_key="meta_schedule.parallel", ann_val=16)
sch.annotate(block_or_loop=b1, ann_key="meta_schedule.vectorize", ann_val=64)
v25 = sch.sample_categorical(candidates=[0, 16, 64, 512], probs=[0.25, 0.25, 0.25, 0.25], decision=2)
sch.annotate(block_or_loop=b1, ann_key="meta_schedule.unroll_explicit", ann_val=v25)
2025-07-09 17:35:07 [INFO] [task_scheduler.cc:170] Design space #1:
# from tvm.script import ir as I
# from tvm.script import tir as T

@I.ir_module
class Module:
    @T.prim_func
    def main(X: T.Buffer((1, 784), "float32"), W: T.Buffer((128, 784), "float32"), B: T.Buffer((128,), "float32"), Z: T.Buffer((1, 128), "float32")):
        T.func_attr({"tir.noalias": T.bool(True)})
        with T.block("root"):
            T.reads()
            T.writes()
            T.block_attr({"meta_schedule.parallel": 16, "meta_schedule.unroll_explicit": 64, "meta_schedule.vectorize": 64})
            Y = T.alloc_buffer((1, 128))
            for i_0, j_0, i_1, j_1 in T.grid(1, 4, 1, 2):
                for k_0, i_2, j_2, k_1, i_3, j_3 in T.grid(14, 1, 8, 56, 1, 2):
                    with T.block("Y"):
                        vi = T.axis.spatial(1, i_0 + i_1 + i_2 + i_3)
                        vj = T.axis.spatial(128, j_0 * 32 + j_1 * 16 + j_2 * 2 + j_3)
                        vk = T.axis.reduce(784, k_0 * 56 + k_1)
                        T.reads(X[vi, vk], W[vj, vk])
                        T.writes(Y[vi, vj])
                        T.block_attr({"meta_schedule.tiling_structure": "SSRSRS"})
                        with T.init():
                            Y[vi, vj] = T.float32(0.0)
                        Y[vi, vj] = Y[vi, vj] + X[vi, vk] * W[vj, vk]
                for ax0, ax1 in T.grid(1, 16):
                    with T.block("Z"):
                        vi = T.axis.spatial(1, ax0)
                        vj = T.axis.spatial(128, j_0 * 32 + j_1 * 16 + ax1)
                        T.reads(Y[vi, vj], B[vj])
                        T.writes(Z[vi, vj])
                        Z[vi, vj] = Y[vi, vj] + B[vj]
b0 = sch.get_block(name="Y", func_name="main")
b1 = sch.get_block(name="root", func_name="main")
sch.annotate(block_or_loop=b0, ann_key="meta_schedule.tiling_structure", ann_val="SSRSRS")
l2, l3, l4 = sch.get_loops(block=b0)
v5, v6, v7, v8 = sch.sample_perfect_tile(loop=l2, n=4, max_innermost_factor=64, decision=[1, 1, 1, 1])
l9, l10, l11, l12 = sch.split(loop=l2, factors=[v5, v6, v7, v8], preserve_unit_iters=True, disable_predication=False)
v13, v14, v15, v16 = sch.sample_perfect_tile(loop=l3, n=4, max_innermost_factor=64, decision=[4, 2, 8, 2])
l17, l18, l19, l20 = sch.split(loop=l3, factors=[v13, v14, v15, v16], preserve_unit_iters=True, disable_predication=False)
v21, v22 = sch.sample_perfect_tile(loop=l4, n=2, max_innermost_factor=64, decision=[14, 56])
l23, l24 = sch.split(loop=l4, factors=[v21, v22], preserve_unit_iters=True, disable_predication=False)
sch.reorder(l9, l17, l10, l18, l23, l11, l19, l24, l12, l20)
b25, = sch.get_consumers(block=b0)
sch.reverse_compute_at(block=b25, loop=l18, preserve_unit_loops=True, index=-1)
sch.annotate(block_or_loop=b1, ann_key="meta_schedule.parallel", ann_val=16)
sch.annotate(block_or_loop=b1, ann_key="meta_schedule.vectorize", ann_val=64)
v26 = sch.sample_categorical(candidates=[0, 16, 64, 512], probs=[0.25, 0.25, 0.25, 0.25], decision=2)
sch.annotate(block_or_loop=b1, ann_key="meta_schedule.unroll_explicit", ann_val=v26)
2025-07-09 17:35:07 [INFO] [task_scheduler.cc:170] Design space #2:
# from tvm.script import ir as I
# from tvm.script import tir as T

@I.ir_module
class Module:
    @T.prim_func
    def main(X: T.Buffer((1, 784), "float32"), W: T.Buffer((128, 784), "float32"), B: T.Buffer((128,), "float32"), Z: T.Buffer((1, 128), "float32")):
        T.func_attr({"tir.noalias": T.bool(True)})
        with T.block("root"):
            T.reads()
            T.writes()
            T.block_attr({"meta_schedule.parallel": 16, "meta_schedule.unroll_explicit": 512, "meta_schedule.vectorize": 64})
            Y = T.alloc_buffer((1, 128))
            for i_0, j_0 in T.grid(1, 4):
                for i_1, j_1, k_0, i_2, j_2, k_1, i_3, j_3 in T.grid(1, 2, 14, 1, 8, 56, 1, 2):
                    with T.block("Y"):
                        vi = T.axis.spatial(1, i_0 + i_1 + i_2 + i_3)
                        vj = T.axis.spatial(128, j_0 * 32 + j_1 * 16 + j_2 * 2 + j_3)
                        vk = T.axis.reduce(784, k_0 * 56 + k_1)
                        T.reads(X[vi, vk], W[vj, vk])
                        T.writes(Y[vi, vj])
                        T.block_attr({"meta_schedule.tiling_structure": "SSRSRS"})
                        with T.init():
                            Y[vi, vj] = T.float32(0.0)
                        Y[vi, vj] = Y[vi, vj] + X[vi, vk] * W[vj, vk]
                for ax0, ax1 in T.grid(1, 32):
                    with T.block("Z"):
                        vi = T.axis.spatial(1, ax0)
                        vj = T.axis.spatial(128, j_0 * 32 + ax1)
                        T.reads(Y[vi, vj], B[vj])
                        T.writes(Z[vi, vj])
                        Z[vi, vj] = Y[vi, vj] + B[vj]
b0 = sch.get_block(name="Y", func_name="main")
b1 = sch.get_block(name="root", func_name="main")
sch.annotate(block_or_loop=b0, ann_key="meta_schedule.tiling_structure", ann_val="SSRSRS")
l2, l3, l4 = sch.get_loops(block=b0)
v5, v6, v7, v8 = sch.sample_perfect_tile(loop=l2, n=4, max_innermost_factor=64, decision=[1, 1, 1, 1])
l9, l10, l11, l12 = sch.split(loop=l2, factors=[v5, v6, v7, v8], preserve_unit_iters=True, disable_predication=False)
v13, v14, v15, v16 = sch.sample_perfect_tile(loop=l3, n=4, max_innermost_factor=64, decision=[4, 2, 8, 2])
l17, l18, l19, l20 = sch.split(loop=l3, factors=[v13, v14, v15, v16], preserve_unit_iters=True, disable_predication=False)
v21, v22 = sch.sample_perfect_tile(loop=l4, n=2, max_innermost_factor=64, decision=[14, 56])
l23, l24 = sch.split(loop=l4, factors=[v21, v22], preserve_unit_iters=True, disable_predication=False)
sch.reorder(l9, l17, l10, l18, l23, l11, l19, l24, l12, l20)
b25, = sch.get_consumers(block=b0)
sch.reverse_compute_at(block=b25, loop=l17, preserve_unit_loops=True, index=-1)
sch.annotate(block_or_loop=b1, ann_key="meta_schedule.parallel", ann_val=16)
sch.annotate(block_or_loop=b1, ann_key="meta_schedule.vectorize", ann_val=64)
v26 = sch.sample_categorical(candidates=[0, 16, 64, 512], probs=[0.25, 0.25, 0.25, 0.25], decision=3)
sch.annotate(block_or_loop=b1, ann_key="meta_schedule.unroll_explicit", ann_val=v26)
2025-07-09 17:35:07 [INFO] [evolutionary_search.cc:713] Generating candidates......
2025-07-09 17:35:07 [INFO] [evolutionary_search.cc:715] Picked top 0 candidate(s) from database
2025-07-09 17:35:08 [INFO] [evolutionary_search.cc:533] Sample-Init-Population summary:
Postproc #0 [meta_schedule.DisallowDynamicLoop(0x22746db8)]: 0 failure(s)
Postproc #1 [meta_schedule.RewriteParallelVectorizeUnroll(0x22755a28)]: 0 failure(s)
Postproc #2 [meta_schedule.RewriteReductionBlock(0x219e8618)]: 0 failure(s)
Postproc #3 [meta_schedule.RewriteLayout(0x217f2058)]: 0 failure(s)
2025-07-09 17:35:08 [INFO] [evolutionary_search.cc:723] Sampled 512 candidate(s)
2025-07-09 17:35:08 [INFO] [evolutionary_search.cc:621] Evolve iter #0 done. Summary:
Postproc #0 [meta_schedule.DisallowDynamicLoop(0x22746db8)]: 0 failure(s)
Postproc #1 [meta_schedule.RewriteParallelVectorizeUnroll(0x22755a28)]: 0 failure(s)
Postproc #2 [meta_schedule.RewriteReductionBlock(0x219e8618)]: 0 failure(s)
Postproc #3 [meta_schedule.RewriteLayout(0x217f2058)]: 0 failure(s)
2025-07-09 17:35:09 [INFO] [evolutionary_search.cc:621] Evolve iter #1 done. Summary:
Postproc #0 [meta_schedule.DisallowDynamicLoop(0x22746db8)]: 0 failure(s)
Postproc #1 [meta_schedule.RewriteParallelVectorizeUnroll(0x22755a28)]: 0 failure(s)
Postproc #2 [meta_schedule.RewriteReductionBlock(0x219e8618)]: 0 failure(s)
Postproc #3 [meta_schedule.RewriteLayout(0x217f2058)]: 0 failure(s)
2025-07-09 17:35:10 [INFO] [evolutionary_search.cc:621] Evolve iter #2 done. Summary:
Postproc #0 [meta_schedule.DisallowDynamicLoop(0x22746db8)]: 0 failure(s)
Postproc #1 [meta_schedule.RewriteParallelVectorizeUnroll(0x22755a28)]: 0 failure(s)
Postproc #2 [meta_schedule.RewriteReductionBlock(0x219e8618)]: 0 failure(s)
Postproc #3 [meta_schedule.RewriteLayout(0x217f2058)]: 0 failure(s)
2025-07-09 17:35:10 [INFO] [evolutionary_search.cc:621] Evolve iter #3 done. Summary:
Postproc #0 [meta_schedule.DisallowDynamicLoop(0x22746db8)]: 0 failure(s)
Postproc #1 [meta_schedule.RewriteParallelVectorizeUnroll(0x22755a28)]: 0 failure(s)
Postproc #2 [meta_schedule.RewriteReductionBlock(0x219e8618)]: 0 failure(s)
Postproc #3 [meta_schedule.RewriteLayout(0x217f2058)]: 0 failure(s)
2025-07-09 17:35:10 [INFO] [evolutionary_search.cc:649] Scores of the best 64 candidates:
[1 : 16]:	0.9994  0.9992  0.9987  0.9980  0.9978  0.9978  0.9977  0.9969  0.9959  0.9957  0.9945  0.9934  0.9927  0.9916  0.9912  0.9912
[17 : 32]:	0.9908  0.9900  0.9873  0.9864  0.9862  0.9861  0.9857  0.9852  0.9850  0.9848  0.9847  0.9837  0.9828  0.9825  0.9820  0.9812
[33 : 48]:	0.9798  0.9796  0.9796  0.9785  0.9783  0.9778  0.9772  0.9749  0.9748  0.9744  0.9738  0.9737  0.9729  0.9727  0.9719  0.9719
[49 : 64]:	0.9719  0.9696  0.9695  0.9692  0.9675  0.9673  0.9666  0.9650  0.9646  0.9639  0.9631  0.9608  0.9605  0.9599  0.9598  0.9593
2025-07-09 17:35:10 [INFO] [evolutionary_search.cc:727] Got 64 candidate(s) with evolutionary search
2025-07-09 17:35:10 [INFO] [evolutionary_search.cc:730] Sending 64 candidates(s) for measurement
2025-07-09 17:35:40 [INFO] [task_scheduler.cc:131] [Task #0: main] Trial #1: GFLOPs: 4.5980. Time: 43.6778 us. Best GFLOPs: 4.5980
2025-07-09 17:35:40 [INFO] [task_scheduler.cc:131] [Task #0: main] Trial #2: GFLOPs: 6.6016. Time: 30.4217 us. Best GFLOPs: 6.6016
2025-07-09 17:35:40 [INFO] [task_scheduler.cc:131] [Task #0: main] Trial #3: GFLOPs: 5.7652. Time: 34.8349 us. Best GFLOPs: 6.6016
2025-07-09 17:35:40 [INFO] [task_scheduler.cc:131] [Task #0: main] Trial #4: GFLOPs: 3.5831. Time: 56.0491 us. Best GFLOPs: 6.6016
2025-07-09 17:35:40 [INFO] [task_scheduler.cc:131] [Task #0: main] Trial #5: GFLOPs: 6.3053. Time: 31.8513 us. Best GFLOPs: 6.6016
2025-07-09 17:35:40 [INFO] [task_scheduler.cc:131] [Task #0: main] Trial #6: GFLOPs: 5.5145. Time: 36.4190 us. Best GFLOPs: 6.6016
2025-07-09 17:35:40 [INFO] [task_scheduler.cc:131] [Task #0: main] Trial #7: GFLOPs: 8.1747. Time: 24.5676 us. Best GFLOPs: 8.1747
2025-07-09 17:35:40 [INFO] [task_scheduler.cc:131] [Task #0: main] Trial #8: GFLOPs: 8.1715. Time: 24.5772 us. Best GFLOPs: 8.1747
2025-07-09 17:35:40 [INFO] [task_scheduler.cc:131] [Task #0: main] Trial #9: GFLOPs: 8.1499. Time: 24.6423 us. Best GFLOPs: 8.1747
2025-07-09 17:35:40 [INFO] [task_scheduler.cc:131] [Task #0: main] Trial #10: GFLOPs: 5.9268. Time: 33.8852 us. Best GFLOPs: 8.1747
2025-07-09 17:35:40 [INFO] [task_scheduler.cc:131] [Task #0: main] Trial #11: GFLOPs: 8.1771. Time: 24.5602 us. Best GFLOPs: 8.1771
2025-07-09 17:35:40 [INFO] [task_scheduler.cc:131] [Task #0: main] Trial #12: GFLOPs: 6.0792. Time: 33.0360 us. Best GFLOPs: 8.1771
2025-07-09 17:35:40 [INFO] [task_scheduler.cc:131] [Task #0: main] Trial #13: GFLOPs: 7.3376. Time: 27.3702 us. Best GFLOPs: 8.1771
2025-07-09 17:35:40 [INFO] [task_scheduler.cc:131] [Task #0: main] Trial #14: GFLOPs: 7.2389. Time: 27.7435 us. Best GFLOPs: 8.1771
2025-07-09 17:35:40 [INFO] [task_scheduler.cc:131] [Task #0: main] Trial #15: GFLOPs: 6.3199. Time: 31.7778 us. Best GFLOPs: 8.1771
2025-07-09 17:35:40 [INFO] [task_scheduler.cc:131] [Task #0: main] Trial #16: GFLOPs: 6.2866. Time: 31.9460 us. Best GFLOPs: 8.1771
2025-07-09 17:35:40 [INFO] [task_scheduler.cc:131] [Task #0: main] Trial #17: GFLOPs: 8.1461. Time: 24.6538 us. Best GFLOPs: 8.1771
2025-07-09 17:35:40 [INFO] [task_scheduler.cc:131] [Task #0: main] Trial #18: GFLOPs: 4.5804. Time: 43.8461 us. Best GFLOPs: 8.1771
2025-07-09 17:35:40 [INFO] [task_scheduler.cc:131] [Task #0: main] Trial #19: GFLOPs: 4.6256. Time: 43.4173 us. Best GFLOPs: 8.1771
2025-07-09 17:35:40 [INFO] [task_scheduler.cc:131] [Task #0: main] Trial #20: GFLOPs: 7.4611. Time: 26.9172 us. Best GFLOPs: 8.1771
2025-07-09 17:35:40 [INFO] [task_scheduler.cc:131] [Task #0: main] Trial #21: GFLOPs: 8.1613. Time: 24.6078 us. Best GFLOPs: 8.1771
2025-07-09 17:35:40 [INFO] [task_scheduler.cc:131] [Task #0: main] Trial #22: GFLOPs: 7.7445. Time: 25.9321 us. Best GFLOPs: 8.1771
2025-07-09 17:35:40 [INFO] [task_scheduler.cc:131] [Task #0: main] Trial #23: GFLOPs: 4.3277. Time: 46.4061 us. Best GFLOPs: 8.1771
2025-07-09 17:35:40 [INFO] [task_scheduler.cc:131] [Task #0: main] Trial #24: GFLOPs: 3.7765. Time: 53.1800 us. Best GFLOPs: 8.1771
2025-07-09 17:35:40 [INFO] [task_scheduler.cc:131] [Task #0: main] Trial #25: GFLOPs: 4.2552. Time: 47.1972 us. Best GFLOPs: 8.1771
2025-07-09 17:35:40 [INFO] [task_scheduler.cc:131] [Task #0: main] Trial #26: GFLOPs: 4.8296. Time: 41.5835 us. Best GFLOPs: 8.1771
2025-07-09 17:35:40 [INFO] [task_scheduler.cc:131] [Task #0: main] Trial #27: GFLOPs: 6.6490. Time: 30.2047 us. Best GFLOPs: 8.1771
2025-07-09 17:35:40 [INFO] [task_scheduler.cc:131] [Task #0: main] Trial #28: GFLOPs: 8.1310. Time: 24.6996 us. Best GFLOPs: 8.1771
2025-07-09 17:35:40 [INFO] [task_scheduler.cc:131] [Task #0: main] Trial #29: GFLOPs: 6.2580. Time: 32.0921 us. Best GFLOPs: 8.1771
2025-07-09 17:35:40 [INFO] [task_scheduler.cc:131] [Task #0: main] Trial #30: GFLOPs: 7.3529. Time: 27.3132 us. Best GFLOPs: 8.1771
2025-07-09 17:35:40 [INFO] [task_scheduler.cc:131] [Task #0: main] Trial #31: GFLOPs: 4.5875. Time: 43.7779 us. Best GFLOPs: 8.1771
2025-07-09 17:35:40 [INFO] [task_scheduler.cc:131] [Task #0: main] Trial #32: GFLOPs: 6.0136. Time: 33.3965 us. Best GFLOPs: 8.1771
2025-07-09 17:35:40 [INFO] [task_scheduler.cc:131] [Task #0: main] Trial #33: GFLOPs: 5.6695. Time: 35.4231 us. Best GFLOPs: 8.1771
2025-07-09 17:35:40 [INFO] [task_scheduler.cc:131] [Task #0: main] Trial #34: GFLOPs: 6.1516. Time: 32.6469 us. Best GFLOPs: 8.1771
2025-07-09 17:35:40 [INFO] [task_scheduler.cc:131] [Task #0: main] Trial #35: GFLOPs: 5.4903. Time: 36.5795 us. Best GFLOPs: 8.1771
2025-07-09 17:35:40 [INFO] [task_scheduler.cc:131] [Task #0: main] Trial #36: GFLOPs: 6.3161. Time: 31.7968 us. Best GFLOPs: 8.1771
2025-07-09 17:35:40 [INFO] [task_scheduler.cc:131] [Task #0: main] Trial #37: GFLOPs: 6.5656. Time: 30.5887 us. Best GFLOPs: 8.1771
2025-07-09 17:35:40 [INFO] [task_scheduler.cc:131] [Task #0: main] Trial #38: GFLOPs: 6.2400. Time: 32.1844 us. Best GFLOPs: 8.1771
2025-07-09 17:35:40 [INFO] [task_scheduler.cc:131] [Task #0: main] Trial #39: GFLOPs: 6.3160. Time: 31.7976 us. Best GFLOPs: 8.1771
2025-07-09 17:35:40 [INFO] [task_scheduler.cc:131] [Task #0: main] Trial #40: GFLOPs: 4.5164. Time: 44.4669 us. Best GFLOPs: 8.1771
2025-07-09 17:35:40 [INFO] [task_scheduler.cc:131] [Task #0: main] Trial #41: GFLOPs: 8.1552. Time: 24.6261 us. Best GFLOPs: 8.1771
2025-07-09 17:35:40 [INFO] [task_scheduler.cc:131] [Task #0: main] Trial #42: GFLOPs: 4.4777. Time: 44.8514 us. Best GFLOPs: 8.1771
2025-07-09 17:35:40 [INFO] [task_scheduler.cc:131] [Task #0: main] Trial #43: GFLOPs: 7.5985. Time: 26.4304 us. Best GFLOPs: 8.1771
2025-07-09 17:35:40 [INFO] [task_scheduler.cc:131] [Task #0: main] Trial #44: GFLOPs: 7.2785. Time: 27.5926 us. Best GFLOPs: 8.1771
2025-07-09 17:35:40 [INFO] [task_scheduler.cc:131] [Task #0: main] Trial #45: GFLOPs: 6.1316. Time: 32.7534 us. Best GFLOPs: 8.1771
2025-07-09 17:35:40 [INFO] [task_scheduler.cc:131] [Task #0: main] Trial #46: GFLOPs: 6.3125. Time: 31.8148 us. Best GFLOPs: 8.1771
2025-07-09 17:35:40 [INFO] [task_scheduler.cc:131] [Task #0: main] Trial #47: GFLOPs: 6.9953. Time: 28.7094 us. Best GFLOPs: 8.1771
2025-07-09 17:35:40 [INFO] [task_scheduler.cc:131] [Task #0: main] Trial #48: GFLOPs: 5.2680. Time: 38.1231 us. Best GFLOPs: 8.1771
2025-07-09 17:35:40 [INFO] [task_scheduler.cc:131] [Task #0: main] Trial #49: GFLOPs: 5.8885. Time: 34.1056 us. Best GFLOPs: 8.1771
2025-07-09 17:35:40 [INFO] [task_scheduler.cc:131] [Task #0: main] Trial #50: GFLOPs: 6.2697. Time: 32.0320 us. Best GFLOPs: 8.1771
2025-07-09 17:35:40 [INFO] [task_scheduler.cc:131] [Task #0: main] Trial #51: GFLOPs: 6.4400. Time: 31.1849 us. Best GFLOPs: 8.1771
2025-07-09 17:35:40 [INFO] [task_scheduler.cc:131] [Task #0: main] Trial #52: GFLOPs: 4.1041. Time: 48.9350 us. Best GFLOPs: 8.1771
2025-07-09 17:35:40 [INFO] [task_scheduler.cc:131] [Task #0: main] Trial #53: GFLOPs: 8.1663. Time: 24.5927 us. Best GFLOPs: 8.1771
2025-07-09 17:35:40 [INFO] [task_scheduler.cc:131] [Task #0: main] Trial #54: GFLOPs: 4.8571. Time: 41.3485 us. Best GFLOPs: 8.1771
2025-07-09 17:35:40 [INFO] [task_scheduler.cc:131] [Task #0: main] Trial #55: GFLOPs: 6.1909. Time: 32.4396 us. Best GFLOPs: 8.1771
2025-07-09 17:35:40 [INFO] [task_scheduler.cc:131] [Task #0: main] Trial #56: GFLOPs: 5.4053. Time: 37.1546 us. Best GFLOPs: 8.1771
2025-07-09 17:35:40 [INFO] [task_scheduler.cc:131] [Task #0: main] Trial #57: GFLOPs: 7.3337. Time: 27.3849 us. Best GFLOPs: 8.1771
2025-07-09 17:35:40 [INFO] [task_scheduler.cc:131] [Task #0: main] Trial #58: GFLOPs: 3.0318. Time: 66.2428 us. Best GFLOPs: 8.1771
2025-07-09 17:35:40 [INFO] [task_scheduler.cc:131] [Task #0: main] Trial #59: GFLOPs: 3.7007. Time: 54.2684 us. Best GFLOPs: 8.1771
2025-07-09 17:35:40 [INFO] [task_scheduler.cc:131] [Task #0: main] Trial #60: GFLOPs: 5.4052. Time: 37.1557 us. Best GFLOPs: 8.1771
2025-07-09 17:35:40 [INFO] [task_scheduler.cc:131] [Task #0: main] Trial #61: GFLOPs: 6.1709. Time: 32.5450 us. Best GFLOPs: 8.1771
2025-07-09 17:35:40 [INFO] [task_scheduler.cc:131] [Task #0: main] Trial #62: GFLOPs: 6.2798. Time: 31.9805 us. Best GFLOPs: 8.1771
2025-07-09 17:35:40 [INFO] [task_scheduler.cc:131] [Task #0: main] Trial #63: GFLOPs: 6.3166. Time: 31.7944 us. Best GFLOPs: 8.1771
2025-07-09 17:35:40 [INFO] [task_scheduler.cc:131] [Task #0: main] Trial #64: GFLOPs: 2.0335. Time: 98.7622 us. Best GFLOPs: 8.1771
